2025-11-02 13:21:05,599 - INFO - Started training at 1762114865.583221
2025-11-02 13:24:56,595 - INFO - 1762115096.4861684: finished training. Took 230.90294742584229

2025-11-02 13:25:59,882 - INFO - Started training at 1762115159.8670654
2025-11-02 13:29:05,860 - INFO - 1762115345.6479895: finished training. Took 185.78092408180237

2025-11-02 13:35:10,530 - INFO - Started training at 1762115710.5156245
2025-11-02 13:59:49,572 - INFO - 1762117189.5394702: finished training. Took 1479.0238456726074

2025-11-02 14:00:07,453 - INFO - Started training at 1762117207.4320498
2025-11-02 14:01:18,608 - ERROR - Exception in callback KeyProcessor.send_sigint()
handle: <Handle KeyProcessor.send_sigint()>
Traceback (most recent call last):
  File "/usr/lib/python3.13/asyncio/events.py", line 89, in _run
    self._context.run(self._callback, *self._args)
    ~~~~~~~~~~~~~~~~~^^^^^^^^^^^^^^^^^^^^^^^^^^^^^
  File "/usr/lib/python3.13/site-packages/prompt_toolkit/key_binding/key_processor.py", line 421, in send_sigint
    self.process_keys()
    ~~~~~~~~~~~~~~~~~^^
  File "/usr/lib/python3.13/site-packages/prompt_toolkit/key_binding/key_processor.py", line 273, in process_keys
    self._process_coroutine.send(key_press)
    ~~~~~~~~~~~~~~~~~~~~~~~~~~~~^^^^^^^^^^^
  File "/usr/lib/python3.13/site-packages/prompt_toolkit/key_binding/key_processor.py", line 188, in _process
    self._call_handler(matches[-1], key_sequence=buffer[:])
    ~~~~~~~~~~~~~~~~~~^^^^^^^^^^^^^^^^^^^^^^^^^^^^^^^^^^^^^
  File "/usr/lib/python3.13/site-packages/prompt_toolkit/key_binding/key_processor.py", line 323, in _call_handler
    handler.call(event)
    ~~~~~~~~~~~~^^^^^^^
  File "/usr/lib/python3.13/site-packages/prompt_toolkit/key_binding/key_bindings.py", line 127, in call
    result = self.handler(event)
  File "/usr/lib/python3.13/site-packages/prompt_toolkit/shortcuts/prompt.py", line 839, in _keyboard_interrupt
    event.app.exit(exception=self.interrupt_exception(), style="class:aborting")
    ~~~~~~~~~~~~~~^^^^^^^^^^^^^^^^^^^^^^^^^^^^^^^^^^^^^^^^^^^^^^^^^^^^^^^^^^^^^^
  File "/usr/lib/python3.13/site-packages/prompt_toolkit/application/application.py", line 1289, in exit
    raise Exception("Application is not running. Application.exit() failed.")
Exception: Application is not running. Application.exit() failed.
2025-11-02 14:01:18,630 - INFO - 1762117278.4771008: finished training. Took 71.04505109786987

2025-11-03 13:57:29,981 - INFO - Started training at 1762203449.9819152
2025-11-03 14:04:36,904 - INFO - Started training at 1762203876.9039917
2025-11-03 14:06:12,709 - INFO - Early stopping at epoch 151 - no improvement for 10 epochs
2025-11-03 14:06:12,710 - INFO - 1762203972.7106166: finished training. Took 95.80662488937378

2025-11-03 14:10:26,958 - INFO - Started training at 1762204226.9581676
2025-11-03 14:11:55,461 - INFO - Early stopping at epoch 140 - no improvement for 10 epochs
2025-11-03 14:11:55,462 - INFO - 1762204315.462846: finished training. Took 88.50467848777771

2025-11-03 14:14:07,984 - INFO - Started training at 1762204447.9845712
2025-11-03 14:15:49,446 - INFO - Early stopping at epoch 168 - no improvement for 10 epochs
2025-11-03 14:15:49,448 - INFO - 1762204549.4482777: finished training. Took 101.46370649337769

2025-11-03 14:15:49,984 - INFO - 
Results saved to torch_results/simple_0_20251103_141549.csv
2025-11-03 14:15:49,990 - INFO - Started training at 1762204549.990125
2025-11-03 14:17:28,645 - INFO - Early stopping at epoch 164 - no improvement for 10 epochs
2025-11-03 14:17:28,645 - INFO - 1762204648.6452746: finished training. Took 98.65514969825745

2025-11-03 14:17:29,184 - INFO - 
Results saved to torch_results/simple_1_20251103_141729.csv
2025-11-03 14:17:29,190 - INFO - Started training at 1762204649.1903534
2025-11-03 14:19:05,555 - INFO - Early stopping at epoch 160 - no improvement for 10 epochs
2025-11-03 14:19:05,557 - INFO - 1762204745.5571294: finished training. Took 96.36677598953247

2025-11-03 14:19:06,064 - INFO - 
Results saved to torch_results/simple_2_20251103_141906.csv
2025-11-03 14:19:06,070 - INFO - Started training at 1762204746.070788
2025-11-03 14:20:38,863 - INFO - Early stopping at epoch 157 - no improvement for 10 epochs
2025-11-03 14:20:38,866 - INFO - 1762204838.8660488: finished training. Took 92.79526090621948

2025-11-03 14:20:39,373 - INFO - 
Results saved to torch_results/simple_3_20251103_142039.csv
2025-11-03 14:20:39,387 - INFO - Started training at 1762204839.3876016
2025-11-03 14:21:43,248 - INFO - Early stopping at epoch 82 - no improvement for 10 epochs
2025-11-03 14:21:43,249 - INFO - 1762204903.2494109: finished training. Took 63.86180925369263

2025-11-03 14:21:43,794 - INFO - 
Results saved to torch_results/big_0_20251103_142143.csv
2025-11-03 14:21:43,808 - INFO - Started training at 1762204903.8082259
2025-11-03 14:22:56,260 - INFO - Early stopping at epoch 93 - no improvement for 10 epochs
2025-11-03 14:22:56,262 - INFO - 1762204976.262137: finished training. Took 72.4539110660553

2025-11-03 14:22:56,781 - INFO - 
Results saved to torch_results/big_1_20251103_142256.csv
2025-11-03 14:22:56,795 - INFO - Started training at 1762204976.7954516
2025-11-03 14:23:58,503 - INFO - Early stopping at epoch 79 - no improvement for 10 epochs
2025-11-03 14:23:58,504 - INFO - 1762205038.5040476: finished training. Took 61.708595991134644

2025-11-03 14:23:59,019 - INFO - 
Results saved to torch_results/big_2_20251103_142359.csv
2025-11-03 14:23:59,033 - INFO - Started training at 1762205039.0333936
2025-11-03 14:24:56,814 - INFO - Early stopping at epoch 74 - no improvement for 10 epochs
2025-11-03 14:24:56,814 - INFO - 1762205096.8140595: finished training. Took 57.7806658744812

2025-11-03 14:24:57,329 - INFO - 
Results saved to torch_results/big_3_20251103_142457.csv
2025-11-03 14:24:57,337 - INFO - Started training at 1762205097.337881
2025-11-03 16:28:21,238 - INFO - Started training at 1762212501.2388651
2025-11-03 16:59:02,898 - INFO - Early stopping at epoch 104 - no improvement for 10 epochs
2025-11-03 16:59:02,899 - INFO - 1762214342.899448: finished training. Took 1841.660582780838

2025-11-03 16:59:04,273 - INFO - 
Results saved to torch_results/image_0_20251103_165904.csv
2025-11-03 16:59:04,441 - INFO - Started training at 1762214344.441472
2025-11-03 17:27:21,729 - INFO - Early stopping at epoch 95 - no improvement for 10 epochs
2025-11-03 17:27:21,731 - INFO - 1762216041.7316062: finished training. Took 1697.290134191513

2025-11-03 17:27:23,068 - INFO - 
Results saved to torch_results/image_1_20251103_172723.csv
2025-11-03 17:27:23,236 - INFO - Started training at 1762216043.2366455
2025-11-03 17:57:26,692 - INFO - Early stopping at epoch 101 - no improvement for 10 epochs
2025-11-03 17:57:26,693 - INFO - 1762217846.6937187: finished training. Took 1803.45707321167

2025-11-03 17:57:28,039 - INFO - 
Results saved to torch_results/image_2_20251103_175728.csv
2025-11-03 17:57:28,207 - INFO - Started training at 1762217848.2075636
2025-11-03 18:23:06,505 - INFO - Early stopping at epoch 86 - no improvement for 10 epochs
2025-11-03 18:23:06,507 - INFO - 1762219386.5077739: finished training. Took 1538.300210237503

2025-11-03 18:23:07,842 - INFO - 
Results saved to torch_results/image_3_20251103_182307.csv
